Mon Oct 04 2021 12:16:03 GMT+0330 (Iran Standard Time)
Method: POST
Token: ""
User Requested: undefined
Payload: {"studentID":94413062}
URL: /users/signin
Status Code: 403
Error Message: "A user with this studentID could not be found"
Content Length: 59
Response Time: 19.471 ms
---------------------------------------------------

Mon Oct 04 2021 12:16:06 GMT+0330 (Iran Standard Time)
Method: POST
Token: ""
User Requested: undefined
Payload: {"studentID":94413062}
URL: /users/signin
Status Code: 403
Error Message: "A user with this studentID could not be found"
Content Length: 59
Response Time: 3.679 ms
---------------------------------------------------

Mon Oct 04 2021 13:20:12 GMT+0330 (Iran Standard Time)
Method: POST
Token: ""
User Requested: undefined
Payload: {"studentID":94413062}
URL: /users/signin
Status Code: 403
Error Message: "Wrong password."
Content Length: 29
Response Time: 219.949 ms
---------------------------------------------------

Mon Oct 04 2021 16:55:30 GMT+0330 (Iran Standard Time)
Method: POST
Token: ""
User Requested: undefined
Payload: {"studentID":94413062}
URL: /users/signin
Status Code: 403
Error Message: "Wrong password."
Content Length: 29
Response Time: 248.413 ms
---------------------------------------------------

Mon Oct 04 2021 16:57:13 GMT+0330 (Iran Standard Time)
Method: POST
Token: ""
User Requested: undefined
Payload: {"studentID":94413062}
URL: /users/signin
Status Code: 403
Error Message: "Wrong password."
Content Length: 29
Response Time: 193.034 ms
---------------------------------------------------

Mon Oct 04 2021 16:59:27 GMT+0330 (Iran Standard Time)
Method: POST
Token: ""
User Requested: undefined
Payload: {"studentID":0}
URL: /users/signin
Status Code: 403
Error Message: "A user with this studentID could not be found"
Content Length: 59
Response Time: 3.388 ms
---------------------------------------------------

Mon Oct 04 2021 16:59:31 GMT+0330 (Iran Standard Time)
Method: POST
Token: ""
User Requested: undefined
Payload: {"studentID":null}
URL: /users/signin
Status Code: 422
Error Message: "Payload validation failed."
Content Length: 209
Response Time: 1.290 ms
---------------------------------------------------

Mon Oct 04 2021 16:59:40 GMT+0330 (Iran Standard Time)
Method: POST
Token: ""
User Requested: undefined
Payload: {"studentID":94413062}
URL: /users/signin
Status Code: 403
Error Message: "Wrong password."
Content Length: 29
Response Time: 187.752 ms
---------------------------------------------------

Mon Oct 04 2021 17:07:36 GMT+0330 (Iran Standard Time)
Method: POST
Token: ""
User Requested: undefined
Payload: {"studentID":null,"password":""}
URL: /users/signin
Status Code: 422
Error Message: "Payload validation failed."
Content Length: 289
Response Time: 1.269 ms
---------------------------------------------------

Mon Oct 04 2021 17:40:33 GMT+0330 (Iran Standard Time)
Method: POST
Token: ""
User Requested: undefined
Payload: {"studentID":94413062}
URL: /users/signin
Status Code: 403
Error Message: "Wrong password."
Content Length: 29
Response Time: 186.446 ms
---------------------------------------------------

Mon Oct 04 2021 17:41:00 GMT+0330 (Iran Standard Time)
Method: POST
Token: ""
User Requested: undefined
Payload: {"studentID":null}
URL: /users/signin
Status Code: 422
Error Message: "Payload validation failed."
Content Length: 209
Response Time: 0.913 ms
---------------------------------------------------

Mon Oct 04 2021 17:58:25 GMT+0330 (Iran Standard Time)
Method: POST
Token: ""
User Requested: undefined
Payload: {"studentID":12345678}
URL: /users/signin
Status Code: 403
Error Message: "A user with this studentID could not be found"
Content Length: 59
Response Time: 4.079 ms
---------------------------------------------------

Mon Oct 04 2021 17:59:13 GMT+0330 (Iran Standard Time)
Method: POST
Token: ""
User Requested: undefined
Payload: {"studentID":234234}
URL: /users/signin
Status Code: 403
Error Message: "A user with this studentID could not be found"
Content Length: 59
Response Time: 2.331 ms
---------------------------------------------------

Mon Oct 04 2021 17:59:43 GMT+0330 (Iran Standard Time)
Method: POST
Token: ""
User Requested: undefined
Payload: {"studentID":464}
URL: /users/signin
Status Code: 403
Error Message: "A user with this studentID could not be found"
Content Length: 59
Response Time: 2.313 ms
---------------------------------------------------

Mon Oct 04 2021 17:59:53 GMT+0330 (Iran Standard Time)
Method: POST
Token: ""
User Requested: undefined
Payload: {"studentID":464}
URL: /users/signin
Status Code: 403
Error Message: "A user with this studentID could not be found"
Content Length: 59
Response Time: 3.755 ms
---------------------------------------------------

Mon Oct 04 2021 17:59:58 GMT+0330 (Iran Standard Time)
Method: POST
Token: ""
User Requested: undefined
Payload: {"studentID":464}
URL: /users/signin
Status Code: 403
Error Message: "A user with this studentID could not be found"
Content Length: 59
Response Time: 2.554 ms
---------------------------------------------------

Mon Oct 04 2021 18:00:18 GMT+0330 (Iran Standard Time)
Method: POST
Token: ""
User Requested: undefined
Payload: {"studentID":464}
URL: /users/signin
Status Code: 403
Error Message: "A user with this studentID could not be found"
Content Length: 59
Response Time: 2.248 ms
---------------------------------------------------

Mon Oct 04 2021 18:00:36 GMT+0330 (Iran Standard Time)
Method: POST
Token: ""
User Requested: undefined
Payload: {"studentID":464}
URL: /users/signin
Status Code: 403
Error Message: "A user with this studentID could not be found"
Content Length: 59
Response Time: 3.100 ms
---------------------------------------------------

Mon Oct 04 2021 18:00:49 GMT+0330 (Iran Standard Time)
Method: POST
Token: ""
User Requested: undefined
Payload: {"studentID":94413062}
URL: /users/signin
Status Code: 403
Error Message: "Wrong password."
Content Length: 29
Response Time: 183.897 ms
---------------------------------------------------

Mon Oct 04 2021 18:01:23 GMT+0330 (Iran Standard Time)
Method: POST
Token: ""
User Requested: undefined
Payload: {"studentID":94413062}
URL: /users/signin
Status Code: 403
Error Message: "Wrong password."
Content Length: 29
Response Time: 186.021 ms
---------------------------------------------------

Mon Oct 04 2021 18:01:31 GMT+0330 (Iran Standard Time)
Method: POST
Token: ""
User Requested: undefined
Payload: {"studentID":94413062}
URL: /users/signin
Status Code: 403
Error Message: "Wrong password."
Content Length: 29
Response Time: 189.240 ms
---------------------------------------------------

Mon Oct 04 2021 18:01:48 GMT+0330 (Iran Standard Time)
Method: POST
Token: ""
User Requested: undefined
Payload: {"studentID":94413062}
URL: /users/signin
Status Code: 403
Error Message: "Wrong password."
Content Length: 29
Response Time: 181.745 ms
---------------------------------------------------

Mon Oct 04 2021 18:02:05 GMT+0330 (Iran Standard Time)
Method: POST
Token: ""
User Requested: undefined
Payload: {"studentID":13421243}
URL: /users/signin
Status Code: 403
Error Message: "A user with this studentID could not be found"
Content Length: 59
Response Time: 3.181 ms
---------------------------------------------------

Mon Oct 04 2021 18:02:14 GMT+0330 (Iran Standard Time)
Method: POST
Token: ""
User Requested: undefined
Payload: {"studentID":243342}
URL: /users/signin
Status Code: 403
Error Message: "A user with this studentID could not be found"
Content Length: 59
Response Time: 3.307 ms
---------------------------------------------------

Mon Oct 04 2021 18:02:29 GMT+0330 (Iran Standard Time)
Method: POST
Token: ""
User Requested: undefined
Payload: {"studentID":23423}
URL: /users/signin
Status Code: 403
Error Message: "A user with this studentID could not be found"
Content Length: 59
Response Time: 3.579 ms
---------------------------------------------------

Mon Oct 04 2021 18:02:52 GMT+0330 (Iran Standard Time)
Method: POST
Token: ""
User Requested: undefined
Payload: {"studentID":42342}
URL: /users/signin
Status Code: 403
Error Message: "A user with this studentID could not be found"
Content Length: 59
Response Time: 3.475 ms
---------------------------------------------------

Mon Oct 04 2021 18:25:48 GMT+0330 (Iran Standard Time)
Method: POST
Token: ""
User Requested: undefined
Payload: {"studentID":null}
URL: /users/signin
Status Code: 422
Error Message: "Payload validation failed."
Content Length: 209
Response Time: 0.938 ms
---------------------------------------------------

Mon Oct 04 2021 18:26:50 GMT+0330 (Iran Standard Time)
Method: POST
Token: ""
User Requested: undefined
Payload: {"studentID":94413062,"email":"d@dasd.com","fullname":"سیش سشیی"}
URL: /users/signup
Status Code: 409
Error Message: "A user with this Student ID or Email has registered before"
Content Length: 72
Response Time: 16.072 ms
---------------------------------------------------

Mon Oct 04 2021 18:26:57 GMT+0330 (Iran Standard Time)
Method: POST
Token: ""
User Requested: undefined
Payload: {"studentID":94413062,"email":"d@dasd.com","fullname":"سیش سشیی"}
URL: /users/signup
Status Code: 409
Error Message: "A user with this Student ID or Email has registered before"
Content Length: 72
Response Time: 7.262 ms
---------------------------------------------------

Mon Oct 04 2021 18:27:19 GMT+0330 (Iran Standard Time)
Method: POST
Token: ""
User Requested: undefined
Payload: {"studentID":94413062,"email":"d@dasd.com","fullname":"سیش سشیی"}
URL: /users/signup
Status Code: 409
Error Message: "A user with this Student ID or Email has registered before"
Content Length: 72
Response Time: 3.155 ms
---------------------------------------------------

Mon Oct 04 2021 18:27:50 GMT+0330 (Iran Standard Time)
Method: POST
Token: ""
User Requested: undefined
Payload: {"studentID":94413062,"email":"sdafa@sdcsd.com","fullname":"یسش بسیب"}
URL: /users/signup
Status Code: 409
Error Message: "A user with this Student ID or Email has registered before"
Content Length: 72
Response Time: 3.929 ms
---------------------------------------------------

Mon Oct 04 2021 18:28:19 GMT+0330 (Iran Standard Time)
Method: POST
Token: ""
User Requested: undefined
Payload: {"studentID":94413062,"email":"sdafa@sdcsd.com","fullname":"یسش بسیب"}
URL: /users/signup
Status Code: 409
Error Message: "A user with this Student ID or Email has registered before"
Content Length: 72
Response Time: 3.083 ms
---------------------------------------------------

Mon Oct 04 2021 18:28:41 GMT+0330 (Iran Standard Time)
Method: POST
Token: ""
User Requested: undefined
Payload: {"studentID":94413062,"email":"adcads@sad.com","fullname":"سیبسیب سیبسی"}
URL: /users/signup
Status Code: 409
Error Message: "A user with this Student ID or Email has registered before"
Content Length: 72
Response Time: 3.450 ms
---------------------------------------------------

Tue Oct 05 2021 03:01:35 GMT+0330 (Iran Standard Time)
Method: GET
Token: "Bearer eyJhbGciOiJIUzI1NiIsInR5cCI6IkpXVCJ9.eyJ1c2VyIjp7ImlkIjoiNjE1YWJmNmMwNGZjMDcxMjE4YzM4Njc4IiwiYWRtaW4iOnRydWV9LCJpYXQiOjE2MzMzODY2OTMsImV4cCI6MTYzMzM5MDI5M30.trtRymXHjcmTBkJXxOYLYfc9RJYw_mgbl_qyh7fC6nA"
User Requested: undefined
Payload: {}
URL: /games/mine
Status Code: 420
Error Message: "jwt expired"
Content Length: 25
Response Time: 1.382 ms
---------------------------------------------------

Tue Oct 05 2021 03:49:37 GMT+0330 (Iran Standard Time)
Method: GET
Token: "Bearer eyJhbGciOiJIUzI1NiIsInR5cCI6IkpXVCJ9.eyJ1c2VyIjp7ImlkIjoiNjE1YWJmYmYwNGZjMDcxMjE4YzM4NjhkIiwiYWRtaW4iOmZhbHNlfSwiaWF0IjoxNjMzMzg5MjM4LCJleHAiOjE2MzMzOTI4Mzh9.UxfGmUwVUPvOkY2tA0Q-eOdQwedvjA6p8lG9extRKL4"
User Requested: undefined
Payload: {}
URL: /users/credentials
Status Code: 420
Error Message: "jwt expired"
Content Length: 25
Response Time: 1.290 ms
---------------------------------------------------

Tue Oct 05 2021 04:12:44 GMT+0330 (Iran Standard Time)
Method: GET
Token: "Bearer eyJhbGciOiJIUzI1NiIsInR5cCI6IkpXVCJ9.eyJ1c2VyIjp7ImlkIjoiNjE1YWJmNmMwNGZjMDcxMjE4YzM4Njc4IiwiYWRtaW4iOnRydWV9LCJpYXQiOjE2MzMzOTAzMTAsImV4cCI6MTYzMzM5MzkxMH0.__b8ZAzMAx5wvUPZD7XHZYDnPus5wWi8OBBvgnPs34E"
User Requested: undefined
Payload: {}
URL: /users/credentials
Status Code: 420
Error Message: "jwt expired"
Content Length: 25
Response Time: 1.667 ms
---------------------------------------------------

Tue Oct 05 2021 04:13:52 GMT+0330 (Iran Standard Time)
Method: POST
Token: ""
User Requested: undefined
Payload: {"studentID":94413062}
URL: /users/signin
Status Code: 403
Error Message: "Wrong password."
Content Length: 29
Response Time: 211.635 ms
---------------------------------------------------

Tue Oct 05 2021 04:49:46 GMT+0330 (Iran Standard Time)
Method: POST
Token: ""
User Requested: undefined
Payload: {"studentID":94413062}
URL: /users/signin
Status Code: 403
Error Message: "Wrong password."
Content Length: 29
Response Time: 179.040 ms
---------------------------------------------------

Tue Oct 05 2021 22:23:39 GMT+0330 (Iran Standard Time)
Method: POST
Token: ""
User Requested: undefined
Payload: {"studentID":94413062}
URL: /users/signin
Status Code: 403
Error Message: "Wrong password."
Content Length: 29
Response Time: 220.016 ms
---------------------------------------------------

Tue Oct 05 2021 22:24:35 GMT+0330 (Iran Standard Time)
Method: POST
Token: ""
User Requested: undefined
Payload: {"studentID":12345678}
URL: /users/signin
Status Code: 403
Error Message: "A user with this studentID could not be found"
Content Length: 59
Response Time: 3.065 ms
---------------------------------------------------

Tue Oct 05 2021 22:24:43 GMT+0330 (Iran Standard Time)
Method: POST
Token: ""
User Requested: undefined
Payload: {"studentID":12345678}
URL: /users/signin
Status Code: 403
Error Message: "A user with this studentID could not be found"
Content Length: 59
Response Time: 2.690 ms
---------------------------------------------------

Tue Oct 05 2021 23:29:05 GMT+0330 (Iran Standard Time)
Method: GET
Token: "Bearer eyJhbGciOiJIUzI1NiIsInR5cCI6IkpXVCJ9.eyJ1c2VyIjp7ImlkIjoiNjE1YWJmNmMwNGZjMDcxMjE4YzM4Njc4IiwiYWRtaW4iOnRydWV9LCJpYXQiOjE2MzM0NjAwMjIsImV4cCI6MTYzMzQ2MzYyMn0.X0aOEagqz_vJBcVB2efB3NJFzOZMN4-Q_azrgKjHagc"
User Requested: undefined
Payload: {}
URL: /users/credentials
Status Code: 420
Error Message: "jwt expired"
Content Length: 25
Response Time: 0.952 ms
---------------------------------------------------

Tue Oct 05 2021 23:29:19 GMT+0330 (Iran Standard Time)
Method: GET
Token: "Bearer eyJhbGciOiJIUzI1NiIsInR5cCI6IkpXVCJ9.eyJ1c2VyIjp7ImlkIjoiNjE1YWJmYmYwNGZjMDcxMjE4YzM4NjhkIiwiYWRtaW4iOmZhbHNlfSwiaWF0IjoxNjMzNDYwMDg5LCJleHAiOjE2MzM0NjM2ODl9.-uD_x3zFqqOZAAkOL55-8DDIqqwXyDeIK-hxN1ekgic"
User Requested: undefined
Payload: {}
URL: /users/credentials
Status Code: 420
Error Message: "jwt expired"
Content Length: 25
Response Time: 0.674 ms
---------------------------------------------------

Tue Oct 05 2021 23:51:56 GMT+0330 (Iran Standard Time)
Method: POST
Token: ""
User Requested: undefined
Payload: {"studentID":12345678}
URL: /users/signin
Status Code: 403
Error Message: "A user with this studentID could not be found"
Content Length: 59
Response Time: 3.794 ms
---------------------------------------------------

Wed Oct 06 2021 01:18:54 GMT+0330 (Iran Standard Time)
Method: GET
Token: "Bearer eyJhbGciOiJIUzI1NiIsInR5cCI6IkpXVCJ9.eyJ1c2VyIjp7ImlkIjoiNjE1YWJmNmMwNGZjMDcxMjE4YzM4Njc4IiwiYWRtaW4iOnRydWV9LCJpYXQiOjE2MzM0NjUzNjEsImV4cCI6MTYzMzQ2ODk2MX0.EV55SW0yX3ArKx3VTmrQgdZeVx5ERXpMkvhWJhMBHY0"
User Requested: undefined
Payload: {}
URL: /users/credentials
Status Code: 420
Error Message: "jwt expired"
Content Length: 25
Response Time: 1.501 ms
---------------------------------------------------

Wed Oct 06 2021 01:21:20 GMT+0330 (Iran Standard Time)
Method: GET
Token: "Bearer eyJhbGciOiJIUzI1NiIsInR5cCI6IkpXVCJ9.eyJ1c2VyIjp7ImlkIjoiNjE1YWJmNmMwNGZjMDcxMjE4YzM4Njc4IiwiYWRtaW4iOnRydWV9LCJpYXQiOjE2MzM0NjUzNjEsImV4cCI6MTYzMzQ2ODk2MX0.EV55SW0yX3ArKx3VTmrQgdZeVx5ERXpMkvhWJhMBHY0"
User Requested: undefined
Payload: {}
URL: /users/credentials
Status Code: 420
Error Message: "jwt expired"
Content Length: 25
Response Time: 0.682 ms
---------------------------------------------------

Wed Oct 06 2021 02:31:32 GMT+0330 (Iran Standard Time)
Method: GET
Token: "Bearer eyJhbGciOiJIUzI1NiIsInR5cCI6IkpXVCJ9.eyJ1c2VyIjp7ImlkIjoiNjE1YWJmYmYwNGZjMDcxMjE4YzM4NjhkIiwiYWRtaW4iOmZhbHNlfSwiaWF0IjoxNjMzNDcwODE2LCJleHAiOjE2MzM0NzQ0MTZ9.1OUnRIxJysGjSCc5zhchdNIi2q9xYC9-wIxJxgArrlw"
User Requested: undefined
Payload: {}
URL: /chats/615abf6c04fc071218c38678
Status Code: 420
Error Message: "jwt expired"
Content Length: 25
Response Time: 1.691 ms
---------------------------------------------------

Wed Oct 06 2021 02:31:32 GMT+0330 (Iran Standard Time)
Method: GET
Token: "Bearer eyJhbGciOiJIUzI1NiIsInR5cCI6IkpXVCJ9.eyJ1c2VyIjp7ImlkIjoiNjE1YWJmYmYwNGZjMDcxMjE4YzM4NjhkIiwiYWRtaW4iOmZhbHNlfSwiaWF0IjoxNjMzNDcwODE2LCJleHAiOjE2MzM0NzQ0MTZ9.1OUnRIxJysGjSCc5zhchdNIi2q9xYC9-wIxJxgArrlw"
User Requested: undefined
Payload: {}
URL: /users/credentials/friends
Status Code: 420
Error Message: "jwt expired"
Content Length: 25
Response Time: 0.608 ms
---------------------------------------------------

Wed Oct 06 2021 02:31:32 GMT+0330 (Iran Standard Time)
Method: GET
Token: "Bearer eyJhbGciOiJIUzI1NiIsInR5cCI6IkpXVCJ9.eyJ1c2VyIjp7ImlkIjoiNjE1YWJmYmYwNGZjMDcxMjE4YzM4NjhkIiwiYWRtaW4iOmZhbHNlfSwiaWF0IjoxNjMzNDcwODE2LCJleHAiOjE2MzM0NzQ0MTZ9.1OUnRIxJysGjSCc5zhchdNIi2q9xYC9-wIxJxgArrlw"
User Requested: undefined
Payload: {}
URL: /chats/615abf6c04fc071218c38678
Status Code: 420
Error Message: "jwt expired"
Content Length: 25
Response Time: 1.179 ms
---------------------------------------------------

Wed Oct 06 2021 02:31:32 GMT+0330 (Iran Standard Time)
Method: GET
Token: "Bearer eyJhbGciOiJIUzI1NiIsInR5cCI6IkpXVCJ9.eyJ1c2VyIjp7ImlkIjoiNjE1YWJmYmYwNGZjMDcxMjE4YzM4NjhkIiwiYWRtaW4iOmZhbHNlfSwiaWF0IjoxNjMzNDcwODE2LCJleHAiOjE2MzM0NzQ0MTZ9.1OUnRIxJysGjSCc5zhchdNIi2q9xYC9-wIxJxgArrlw"
User Requested: undefined
Payload: {}
URL: /chats/615abf6c04fc071218c38678
Status Code: 420
Error Message: "jwt expired"
Content Length: 25
Response Time: 1.954 ms
---------------------------------------------------

Wed Oct 06 2021 02:40:15 GMT+0330 (Iran Standard Time)
Method: GET
Token: "Bearer eyJhbGciOiJIUzI1NiIsInR5cCI6IkpXVCJ9.eyJ1c2VyIjp7ImlkIjoiNjE1YWJmYmYwNGZjMDcxMjE4YzM4NjhkIiwiYWRtaW4iOmZhbHNlfSwiaWF0IjoxNjMzNDcwODE2LCJleHAiOjE2MzM0NzQ0MTZ9.1OUnRIxJysGjSCc5zhchdNIi2q9xYC9-wIxJxgArrlw"
User Requested: undefined
Payload: {}
URL: /users/credentials/friends
Status Code: 420
Error Message: "jwt expired"
Content Length: 25
Response Time: 0.933 ms
---------------------------------------------------

Wed Oct 06 2021 04:49:01 GMT+0330 (Iran Standard Time)
Method: GET
Token: "Bearer eyJhbGciOiJIUzI1NiIsInR5cCI6IkpXVCJ9.eyJ1c2VyIjp7ImlkIjoiNjE1YWJmYmYwNGZjMDcxMjE4YzM4NjhkIiwiYWRtaW4iOmZhbHNlfSwiaWF0IjoxNjMzNDgzMTI3LCJleHAiOjE2MzM0ODY3Mjd9._ZT3HaJKa-N3zXJmBys7AfW-8bohMhmZjNd07OWWifI"
User Requested: {"id":"615abfbf04fc071218c3868d","admin":false}
Payload: {}
URL: /notices/manage
Status Code: 406
Error Message: "This user doesn't have admin previlages"
Content Length: 53
Response Time: 11.779 ms
---------------------------------------------------

Wed Oct 06 2021 04:49:11 GMT+0330 (Iran Standard Time)
Method: GET
Token: "Bearer eyJhbGciOiJIUzI1NiIsInR5cCI6IkpXVCJ9.eyJ1c2VyIjp7ImlkIjoiNjE1YWJmYmYwNGZjMDcxMjE4YzM4NjhkIiwiYWRtaW4iOmZhbHNlfSwiaWF0IjoxNjMzNDgzMTI3LCJleHAiOjE2MzM0ODY3Mjd9._ZT3HaJKa-N3zXJmBys7AfW-8bohMhmZjNd07OWWifI"
User Requested: {"id":"615abfbf04fc071218c3868d","admin":false}
Payload: {}
URL: /notices/manage
Status Code: 406
Error Message: "This user doesn't have admin previlages"
Content Length: 53
Response Time: 8.066 ms
---------------------------------------------------

Wed Oct 06 2021 04:52:44 GMT+0330 (Iran Standard Time)
Method: GET
Token: "Bearer eyJhbGciOiJIUzI1NiIsInR5cCI6IkpXVCJ9.eyJ1c2VyIjp7ImlkIjoiNjE1YWJmYmYwNGZjMDcxMjE4YzM4NjhkIiwiYWRtaW4iOmZhbHNlfSwiaWF0IjoxNjMzNDgzMTI3LCJleHAiOjE2MzM0ODY3Mjd9._ZT3HaJKa-N3zXJmBys7AfW-8bohMhmZjNd07OWWifI"
User Requested: {"id":"615abfbf04fc071218c3868d","admin":false}
Payload: {}
URL: /notices/manage
Status Code: 406
Error Message: "This user doesn't have admin previlages"
Content Length: 53
Response Time: 8.083 ms
---------------------------------------------------

Wed Oct 06 2021 04:52:46 GMT+0330 (Iran Standard Time)
Method: GET
Token: "Bearer eyJhbGciOiJIUzI1NiIsInR5cCI6IkpXVCJ9.eyJ1c2VyIjp7ImlkIjoiNjE1YWJmYmYwNGZjMDcxMjE4YzM4NjhkIiwiYWRtaW4iOmZhbHNlfSwiaWF0IjoxNjMzNDgzMTI3LCJleHAiOjE2MzM0ODY3Mjd9._ZT3HaJKa-N3zXJmBys7AfW-8bohMhmZjNd07OWWifI"
User Requested: {"id":"615abfbf04fc071218c3868d","admin":false}
Payload: {}
URL: /notices/manage
Status Code: 406
Error Message: "This user doesn't have admin previlages"
Content Length: 53
Response Time: 3.400 ms
---------------------------------------------------

Wed Oct 06 2021 04:53:03 GMT+0330 (Iran Standard Time)
Method: POST
Token: ""
User Requested: undefined
Payload: {"studentID":94413062}
URL: /users/signin
Status Code: 403
Error Message: "Wrong password."
Content Length: 29
Response Time: 184.617 ms
---------------------------------------------------

Wed Oct 06 2021 05:13:24 GMT+0330 (Iran Standard Time)
Method: GET
Token: "Bearer eyJhbGciOiJIUzI1NiIsInR5cCI6IkpXVCJ9.eyJ1c2VyIjp7ImlkIjoiNjE1YWJmYmYwNGZjMDcxMjE4YzM4NjhkIiwiYWRtaW4iOmZhbHNlfSwiaWF0IjoxNjMzNDg0NTk1LCJleHAiOjE2MzM0ODgxOTV9.iRr8J8UNYdovSCiJ1JuhpqqhIPrILDRsncqY5FYFICI"
User Requested: {"id":"615abfbf04fc071218c3868d","admin":false}
Payload: {}
URL: /notices/manage
Status Code: 406
Error Message: "This user doesn't have admin previlages"
Content Length: 53
Response Time: 8.553 ms
---------------------------------------------------

Wed Oct 06 2021 07:21:40 GMT+0330 (Iran Standard Time)
Method: GET
Token: "Bearer eyJhbGciOiJIUzI1NiIsInR5cCI6IkpXVCJ9.eyJ1c2VyIjp7ImlkIjoiNjE1YWJmNmMwNGZjMDcxMjE4YzM4Njc4IiwiYWRtaW4iOnRydWV9LCJpYXQiOjE2MzM0ODg1MTMsImV4cCI6MTYzMzQ5MjExM30.tWp3V0mOGnmXte9yNG75mZmcHew7KNQytNNM7Em5504"
User Requested: undefined
Payload: {}
URL: /games/mine
Status Code: 420
Error Message: "jwt expired"
Content Length: 25
Response Time: 1.287 ms
---------------------------------------------------

Wed Oct 06 2021 07:21:44 GMT+0330 (Iran Standard Time)
Method: GET
Token: "Bearer eyJhbGciOiJIUzI1NiIsInR5cCI6IkpXVCJ9.eyJ1c2VyIjp7ImlkIjoiNjE1YWJmNmMwNGZjMDcxMjE4YzM4Njc4IiwiYWRtaW4iOnRydWV9LCJpYXQiOjE2MzM0ODg1MTMsImV4cCI6MTYzMzQ5MjExM30.tWp3V0mOGnmXte9yNG75mZmcHew7KNQytNNM7Em5504"
User Requested: undefined
Payload: {}
URL: /games/mine
Status Code: 420
Error Message: "jwt expired"
Content Length: 25
Response Time: 2.688 ms
---------------------------------------------------

Wed Oct 06 2021 07:21:52 GMT+0330 (Iran Standard Time)
Method: POST
Token: ""
User Requested: undefined
Payload: {"studentID":94413062}
URL: /users/signin
Status Code: 403
Error Message: "Wrong password."
Content Length: 29
Response Time: 215.350 ms
---------------------------------------------------

Wed Oct 06 2021 13:48:45 GMT+0330 (Iran Standard Time)
Method: POST
Token: ""
User Requested: undefined
Payload: {"studentID":9413062}
URL: /users/signin
Status Code: 403
Error Message: "A user with this studentID could not be found"
Content Length: 59
Response Time: 26.899 ms
---------------------------------------------------

Wed Oct 06 2021 15:42:53 GMT+0330 (Iran Standard Time)
Method: GET
Token: "Bearer eyJhbGciOiJIUzI1NiIsInR5cCI6IkpXVCJ9.eyJ1c2VyIjp7ImlkIjoiNjE1YWJmYmYwNGZjMDcxMjE4YzM4NjhkIiwiYWRtaW4iOmZhbHNlfSwiaWF0IjoxNjMzNTE2OTY4LCJleHAiOjE2MzM1MjA1Njh9.ICLBDc9Y3Wv0_5zKVpjTDkZKiLPr2DqoV4UciPZlfyY"
User Requested: undefined
Payload: {}
URL: /users/credentials
Status Code: 420
Error Message: "jwt expired"
Content Length: 25
Response Time: 2.037 ms
---------------------------------------------------

Wed Oct 06 2021 15:43:07 GMT+0330 (Iran Standard Time)
Method: GET
Token: "Bearer eyJhbGciOiJIUzI1NiIsInR5cCI6IkpXVCJ9.eyJ1c2VyIjp7ImlkIjoiNjE1YWJmYmYwNGZjMDcxMjE4YzM4NjhkIiwiYWRtaW4iOmZhbHNlfSwiaWF0IjoxNjMzNTE2OTY4LCJleHAiOjE2MzM1MjA1Njh9.ICLBDc9Y3Wv0_5zKVpjTDkZKiLPr2DqoV4UciPZlfyY"
User Requested: undefined
Payload: {}
URL: /users/credentials
Status Code: 420
Error Message: "jwt expired"
Content Length: 25
Response Time: 0.936 ms
---------------------------------------------------

Wed Oct 06 2021 15:43:25 GMT+0330 (Iran Standard Time)
Method: GET
Token: "Bearer eyJhbGciOiJIUzI1NiIsInR5cCI6IkpXVCJ9.eyJ1c2VyIjp7ImlkIjoiNjE1YWJmNmMwNGZjMDcxMjE4YzM4Njc4IiwiYWRtaW4iOnRydWV9LCJpYXQiOjE2MzM1MTY5MTQsImV4cCI6MTYzMzUyMDUxNH0.GqHSBVyaEezX0XzmuG2OG-ezesYMUPiCgKywNav1grY"
User Requested: undefined
Payload: {}
URL: /users/credentials
Status Code: 420
Error Message: "jwt expired"
Content Length: 25
Response Time: 1.129 ms
---------------------------------------------------

Wed Oct 06 2021 16:20:19 GMT+0330 (Iran Standard Time)
Method: GET
Token: "Bearer eyJhbGciOiJIUzI1NiIsInR5cCI6IkpXVCJ9.eyJ1c2VyIjp7ImlkIjoiNjE1YWJmYmYwNGZjMDcxMjE4YzM4NjhkIiwiYWRtaW4iOmZhbHNlfSwiaWF0IjoxNjMzNTE1NTQ4LCJleHAiOjE2MzM1MTkxNDh9.4OAruIbEY3ke2seLwixuf6Ew3mD3vAkiUouciBzw9Xc"
User Requested: undefined
Payload: {}
URL: /users/credentials/friends
Status Code: 420
Error Message: "jwt expired"
Content Length: 25
Response Time: 1.448 ms
---------------------------------------------------

